[2023-08-04]	[17:11:26:942]	[Info]	서버 Start.
[2023-08-04]	[17:12:05:258]	[Info]	클라이언트가 연결되었습니다.
[2023-08-04]	[17:12:36:466]	[Info]	1068클라이언트로부터 메시지 수신: 12312312312321321312321323232132132132321312321321321321232121321123213213213213213
[2023-08-04]	[17:12:45:909]	[Info]	1068클라이언트로부터 메시지 수신: 2321
[2023-08-04]	[17:12:46:066]	[Info]	1068클라이언트로부터 메시지 수신: 323
[2023-08-04]	[17:12:46:235]	[Info]	1068클라이언트로부터 메시지 수신: 213
[2023-08-04]	[17:12:46:395]	[Info]	1068클라이언트로부터 메시지 수신: 213
[2023-08-04]	[17:12:46:554]	[Info]	1068클라이언트로부터 메시지 수신: 213
[2023-08-04]	[17:12:46:715]	[Info]	1068클라이언트로부터 메시지 수신: 213
[2023-08-04]	[17:12:46:874]	[Info]	1068클라이언트로부터 메시지 수신: 123
[2023-08-04]	[17:12:47:050]	[Info]	1068클라이언트로부터 메시지 수신: 2132
[2023-08-04]	[17:12:47:211]	[Info]	1068클라이언트로부터 메시지 수신: 132
[2023-08-04]	[17:12:47:370]	[Info]	1068클라이언트로부터 메시지 수신: 321
[2023-08-04]	[17:12:47:531]	[Info]	1068클라이언트로부터 메시지 수신: 321
[2023-08-04]	[17:12:47:700]	[Info]	1068클라이언트로부터 메시지 수신: 321
[2023-08-04]	[17:12:47:858]	[Info]	1068클라이언트로부터 메시지 수신: 321
[2023-08-04]	[17:12:48:019]	[Info]	1068클라이언트로부터 메시지 수신: 321
[2023-08-04]	[17:12:48:186]	[Info]	1068클라이언트로부터 메시지 수신: 321
[2023-08-04]	[17:12:48:337]	[Info]	1068클라이언트로부터 메시지 수신: 321
[2023-08-04]	[17:12:48:531]	[Info]	1068클라이언트로부터 메시지 수신: 321
[2023-08-04]	[17:12:48:729]	[Info]	1068클라이언트로부터 메시지 수신: 3213
[2023-08-04]	[17:12:48:890]	[Info]	1068클라이언트로부터 메시지 수신: 213
[2023-08-04]	[17:12:49:050]	[Info]	1068클라이언트로부터 메시지 수신: 123
[2023-08-04]	[17:12:49:266]	[Info]	1068클라이언트로부터 메시지 수신: 21321
[2023-08-04]	[17:12:49:385]	[Info]	1068클라이언트로부터 메시지 수신: 3
[2023-08-04]	[17:13:28:618]	[Error]	1068오류 발생: Unable to read data from the transport connection: 현재 연결은 원격 호스트에 의해 강제로 끊겼습니다..
[2023-08-04]	[17:13:28:620]	[Info]	1068클라이언트 수신 종료.
